TN:
SF:src/schedule-builder.js
FN:3,(anonymous_0)
FN:7,(anonymous_1)
FN:35,(anonymous_2)
FNF:3
FNH:3
FNDA:5,(anonymous_0)
FNDA:1,(anonymous_1)
FNDA:38,(anonymous_2)
DA:4,5
DA:8,1
DA:9,1
DA:10,1
DA:12,1
DA:13,1
DA:14,1
DA:15,33
DA:17,33
DA:22,33
DA:24,33
DA:25,33
DA:28,1
DA:29,1
DA:30,1
DA:32,1
DA:36,38
DA:43,38
DA:45,38
DA:47,38
DA:49,37
DA:51,37
DA:52,0
DA:54,37
DA:56,37
DA:57,1
DA:61,37
DA:63,1
DA:64,1
DA:65,1
DA:68,38
DA:69,38
DA:74,1
LF:33
LH:32
BRDA:43,0,0,38
BRDA:43,0,1,37
BRDA:47,1,0,37
BRDA:47,1,1,1
BRDA:51,2,0,0
BRDA:51,2,1,37
BRDA:56,3,0,1
BRDA:56,3,1,36
BRF:8
BRH:7
end_of_record
