TN:
SF:src/schedule-builder.ts
FN:7,(anonymous_0)
FN:11,(anonymous_1)
FN:39,(anonymous_2)
FNF:3
FNH:3
FNDA:5,(anonymous_0)
FNDA:1,(anonymous_1)
FNDA:38,(anonymous_2)
DA:8,5
DA:12,1
DA:13,1
DA:14,1
DA:16,1
DA:17,1
DA:18,1
DA:19,33
DA:21,33
DA:26,33
DA:28,33
DA:29,33
DA:32,1
DA:33,1
DA:34,1
DA:36,1
DA:40,38
DA:47,38
DA:49,38
DA:51,38
DA:53,37
DA:55,37
DA:57,37
DA:58,0
DA:60,37
DA:62,37
DA:63,1
DA:67,37
DA:69,1
DA:70,1
DA:71,1
DA:74,38
DA:76,38
LF:33
LH:32
BRDA:47,0,0,38
BRDA:47,0,1,37
BRDA:51,1,0,37
BRDA:51,1,1,1
BRDA:57,2,0,0
BRDA:57,2,1,37
BRDA:62,3,0,1
BRDA:62,3,1,36
BRF:8
BRH:7
end_of_record
